<?xml version="1.0" encoding="UTF-8"?>
<coverage generated="1684611762908" clover="3.2.0">
  <project timestamp="1684611762908" name="All files">
    <metrics statements="42" coveredstatements="39" conditionals="8" coveredconditionals="5" methods="18" coveredmethods="14" elements="68" coveredelements="58" complexity="0" loc="42" ncloc="42" packages="3" files="6" classes="6"/>
    <package name="components">
      <metrics statements="40" coveredstatements="37" conditionals="8" coveredconditionals="5" methods="18" coveredmethods="14"/>
      <file name="Body.js" path="C:\Users\Suraj mallick Thor\Desktop\GOD\Namaste React\src\components\Body.js">
        <metrics statements="21" coveredstatements="19" conditionals="4" coveredconditionals="3" methods="9" coveredmethods="7"/>
        <line num="16" count="1" type="stmt"/>
        <line num="18" count="5" type="stmt"/>
        <line num="88" count="5" type="stmt"/>
        <line num="89" count="4" type="stmt"/>
        <line num="90" count="4" type="stmt"/>
        <line num="94" count="4" type="stmt"/>
        <line num="99" count="1" type="stmt"/>
        <line num="100" count="1" type="stmt"/>
        <line num="103" count="1" type="stmt"/>
        <line num="104" count="1" type="stmt"/>
        <line num="108" count="4" type="stmt"/>
        <line num="109" count="4" type="cond" truecount="1" falsecount="1"/>
        <line num="110" count="0" type="stmt"/>
        <line num="118" count="4" type="stmt"/>
        <line num="120" count="4" type="stmt"/>
        <line num="129" count="4" type="cond" truecount="2" falsecount="0"/>
        <line num="146" count="1" type="stmt"/>
        <line num="153" count="15" type="stmt"/>
        <line num="154" count="1" type="stmt"/>
        <line num="168" count="0" type="stmt"/>
        <line num="184" count="33" type="stmt"/>
      </file>
      <file name="Header.js" path="C:\Users\Suraj mallick Thor\Desktop\GOD\Namaste React\src\components\Header.js">
        <metrics statements="12" coveredstatements="11" conditionals="4" coveredconditionals="2" methods="6" coveredmethods="4"/>
        <line num="12" count="1" type="stmt"/>
        <line num="13" count="3" type="stmt"/>
        <line num="21" count="1" type="stmt"/>
        <line num="22" count="3" type="stmt"/>
        <line num="23" count="3" type="cond" truecount="1" falsecount="1"/>
        <line num="25" count="3" type="stmt"/>
        <line num="29" count="1" type="stmt"/>
        <line num="30" count="4" type="stmt"/>
        <line num="34" count="3" type="stmt"/>
        <line num="35" count="3" type="stmt"/>
        <line num="37" count="3" type="stmt"/>
        <line num="102" count="0" type="cond" truecount="1" falsecount="1"/>
      </file>
      <file name="RestaurantCards.js" path="C:\Users\Suraj mallick Thor\Desktop\GOD\Namaste React\src\components\RestaurantCards.js">
        <metrics statements="4" coveredstatements="4" conditionals="0" coveredconditionals="0" methods="1" coveredmethods="1"/>
        <line num="3" count="1" type="stmt"/>
        <line num="4" count="33" type="stmt"/>
        <line num="8" count="33" type="stmt"/>
        <line num="10" count="33" type="stmt"/>
      </file>
      <file name="ShimmerUI.js" path="C:\Users\Suraj mallick Thor\Desktop\GOD\Namaste React\src\components\ShimmerUI.js">
        <metrics statements="3" coveredstatements="3" conditionals="0" coveredconditionals="0" methods="2" coveredmethods="2"/>
        <line num="1" count="1" type="stmt"/>
        <line num="2" count="1" type="stmt"/>
        <line num="3" count="15" type="stmt"/>
      </file>
    </package>
    <package name="components.mocks">
      <metrics statements="1" coveredstatements="1" conditionals="0" coveredconditionals="0" methods="0" coveredmethods="0"/>
      <file name="dummydata.js" path="C:\Users\Suraj mallick Thor\Desktop\GOD\Namaste React\src\components\mocks\dummydata.js">
        <metrics statements="1" coveredstatements="1" conditionals="0" coveredconditionals="0" methods="0" coveredmethods="0"/>
        <line num="1" count="1" type="stmt"/>
      </file>
    </package>
    <package name="utils">
      <metrics statements="1" coveredstatements="1" conditionals="0" coveredconditionals="0" methods="0" coveredmethods="0"/>
      <file name="store.js" path="C:\Users\Suraj mallick Thor\Desktop\GOD\Namaste React\src\utils\store.js">
        <metrics statements="1" coveredstatements="1" conditionals="0" coveredconditionals="0" methods="0" coveredmethods="0"/>
        <line num="4" count="2" type="stmt"/>
      </file>
    </package>
  </project>
</coverage>
