<?xml version="1.0" encoding="UTF-8"?>
<coverage generated="1684240387184" clover="3.2.0">
  <project timestamp="1684240387184" name="All files">
    <metrics statements="29" coveredstatements="25" conditionals="4" coveredconditionals="2" methods="14" coveredmethods="7" elements="47" coveredelements="34" complexity="0" loc="29" ncloc="29" packages="2" files="6" classes="6"/>
    <package name="components">
      <metrics statements="13" coveredstatements="12" conditionals="4" coveredconditionals="2" methods="7" coveredmethods="5"/>
      <file name="Header.js" path="C:\Users\Suraj mallick Thor\Desktop\GOD\Namaste React\src\components\Header.js">
        <metrics statements="12" coveredstatements="11" conditionals="4" coveredconditionals="2" methods="6" coveredmethods="4"/>
        <line num="12" count="1" type="stmt"/>
        <line num="13" count="1" type="stmt"/>
        <line num="21" count="1" type="stmt"/>
        <line num="22" count="1" type="stmt"/>
        <line num="23" count="1" type="cond" truecount="1" falsecount="1"/>
        <line num="25" count="1" type="stmt"/>
        <line num="29" count="1" type="stmt"/>
        <line num="30" count="2" type="stmt"/>
        <line num="34" count="1" type="stmt"/>
        <line num="35" count="1" type="stmt"/>
        <line num="37" count="1" type="stmt"/>
        <line num="102" count="0" type="cond" truecount="1" falsecount="1"/>
      </file>
      <file name="sum.js" path="C:\Users\Suraj mallick Thor\Desktop\GOD\Namaste React\src\components\sum.js">
        <metrics statements="1" coveredstatements="1" conditionals="0" coveredconditionals="0" methods="1" coveredmethods="1"/>
        <line num="1" count="1" type="stmt"/>
      </file>
    </package>
    <package name="utils">
      <metrics statements="16" coveredstatements="13" conditionals="0" coveredconditionals="0" methods="7" coveredmethods="2"/>
      <file name="cartSlice.js" path="C:\Users\Suraj mallick Thor\Desktop\GOD\Namaste React\src\utils\cartSlice.js">
        <metrics statements="5" coveredstatements="2" conditionals="0" coveredconditionals="0" methods="3" coveredmethods="0"/>
        <line num="3" count="1" type="stmt"/>
        <line num="6" count="0" type="stmt"/>
        <line num="7" count="0" type="stmt"/>
        <line num="8" count="0" type="stmt"/>
        <line num="11" count="1" type="stmt"/>
      </file>
      <file name="config.js" path="C:\Users\Suraj mallick Thor\Desktop\GOD\Namaste React\src\utils\config.js">
        <metrics statements="3" coveredstatements="3" conditionals="0" coveredconditionals="0" methods="0" coveredmethods="0"/>
        <line num="1" count="1" type="stmt"/>
        <line num="2" count="1" type="stmt"/>
        <line num="3" count="1" type="stmt"/>
      </file>
      <file name="store.js" path="C:\Users\Suraj mallick Thor\Desktop\GOD\Namaste React\src\utils\store.js">
        <metrics statements="1" coveredstatements="1" conditionals="0" coveredconditionals="0" methods="0" coveredmethods="0"/>
        <line num="4" count="1" type="stmt"/>
      </file>
      <file name="useOnline.js" path="C:\Users\Suraj mallick Thor\Desktop\GOD\Namaste React\src\utils\useOnline.js">
        <metrics statements="7" coveredstatements="7" conditionals="0" coveredconditionals="0" methods="4" coveredmethods="2"/>
        <line num="4" count="1" type="stmt"/>
        <line num="5" count="1" type="stmt"/>
        <line num="7" count="1" type="stmt"/>
        <line num="9" count="1" type="stmt"/>
        <line num="11" count="1" type="stmt"/>
        <line num="13" count="1" type="stmt"/>
        <line num="17" count="1" type="stmt"/>
      </file>
    </package>
  </project>
</coverage>
