{"C:\\Users\\Suraj mallick Thor\\Desktop\\GOD\\Namaste React\\src\\components\\Header.js": {"path":"C:\\Users\\Suraj mallick Thor\\Desktop\\GOD\\Namaste React\\src\\components\\Header.js","statementMap":{"0":{"start":{"line":12,"column":12},"end":{"line":19,"column":1}},"1":{"start":{"line":13,"column":4},"end":{"line":17,"column":13}},"2":{"start":{"line":21,"column":11},"end":{"line":27,"column":1}},"3":{"start":{"line":22,"column":16},"end":{"line":22,"column":27}},"4":{"start":{"line":23,"column":3},"end":{"line":23,"column":35}},"5":{"start":{"line":23,"column":15},"end":{"line":23,"column":33}},"6":{"start":{"line":25,"column":3},"end":{"line":25,"column":20}},"7":{"start":{"line":29,"column":13},"end":{"line":109,"column":1}},"8":{"start":{"line":30,"column":39},"end":{"line":30,"column":53}},"9":{"start":{"line":34,"column":20},"end":{"line":34,"column":59}},"10":{"start":{"line":34,"column":42},"end":{"line":34,"column":58}},"11":{"start":{"line":35,"column":4},"end":{"line":35,"column":27}},"12":{"start":{"line":37,"column":4},"end":{"line":108,"column":5}},"13":{"start":{"line":102,"column":95},"end":{"line":102,"column":116}},"14":{"start":{"line":102,"column":206},"end":{"line":102,"column":226}}},"fnMap":{"0":{"name":"(anonymous_0)","decl":{"start":{"line":12,"column":12},"end":{"line":12,"column":13}},"loc":{"start":{"line":12,"column":16},"end":{"line":19,"column":1}},"line":12},"1":{"name":"(anonymous_1)","decl":{"start":{"line":21,"column":11},"end":{"line":21,"column":12}},"loc":{"start":{"line":21,"column":15},"end":{"line":27,"column":1}},"line":21},"2":{"name":"(anonymous_2)","decl":{"start":{"line":29,"column":13},"end":{"line":29,"column":14}},"loc":{"start":{"line":29,"column":17},"end":{"line":109,"column":1}},"line":29},"3":{"name":"(anonymous_3)","decl":{"start":{"line":34,"column":32},"end":{"line":34,"column":33}},"loc":{"start":{"line":34,"column":42},"end":{"line":34,"column":58}},"line":34},"4":{"name":"(anonymous_4)","decl":{"start":{"line":102,"column":90},"end":{"line":102,"column":91}},"loc":{"start":{"line":102,"column":94},"end":{"line":102,"column":117}},"line":102},"5":{"name":"(anonymous_5)","decl":{"start":{"line":102,"column":201},"end":{"line":102,"column":202}},"loc":{"start":{"line":102,"column":205},"end":{"line":102,"column":227}},"line":102}},"branchMap":{"0":{"loc":{"start":{"line":23,"column":3},"end":{"line":23,"column":35}},"type":"if","locations":[{"start":{"line":23,"column":3},"end":{"line":23,"column":35}},{"start":{},"end":{}}],"line":23},"1":{"loc":{"start":{"line":102,"column":15},"end":{"line":102,"column":245}},"type":"cond-expr","locations":[{"start":{"line":102,"column":28},"end":{"line":102,"column":136}},{"start":{"line":102,"column":139},"end":{"line":102,"column":245}}],"line":102}},"s":{"0":1,"1":1,"2":1,"3":1,"4":1,"5":0,"6":1,"7":1,"8":2,"9":1,"10":1,"11":1,"12":1,"13":0,"14":0},"f":{"0":1,"1":1,"2":2,"3":1,"4":0,"5":0},"b":{"0":[0,1],"1":[1,0]},"_coverageSchema":"1a1c01bbd47fc00a2c39e90264f33305004495a9","hash":"943af530edde33d887f0f38e8c57f2c9c6641f4d"}
,"C:\\Users\\Suraj mallick Thor\\Desktop\\GOD\\Namaste React\\src\\components\\sum.js": {"path":"C:\\Users\\Suraj mallick Thor\\Desktop\\GOD\\Namaste React\\src\\components\\sum.js","statementMap":{"0":{"start":{"line":1,"column":17},"end":{"line":1,"column":36}},"1":{"start":{"line":1,"column":25},"end":{"line":1,"column":35}}},"fnMap":{"0":{"name":"(anonymous_0)","decl":{"start":{"line":1,"column":17},"end":{"line":1,"column":18}},"loc":{"start":{"line":1,"column":24},"end":{"line":1,"column":36}},"line":1}},"branchMap":{},"s":{"0":1,"1":1},"f":{"0":1},"b":{},"_coverageSchema":"1a1c01bbd47fc00a2c39e90264f33305004495a9","hash":"6c4a6d5815a22d1ee08df580301cb8154be90136"}
,"C:\\Users\\Suraj mallick Thor\\Desktop\\GOD\\Namaste React\\src\\utils\\cartSlice.js": {"path":"C:\\Users\\Suraj mallick Thor\\Desktop\\GOD\\Namaste React\\src\\utils\\cartSlice.js","statementMap":{"0":{"start":{"line":3,"column":16},"end":{"line":10,"column":30}},"1":{"start":{"line":6,"column":57},"end":{"line":6,"column":89}},"2":{"start":{"line":7,"column":60},"end":{"line":7,"column":77}},"3":{"start":{"line":8,"column":59},"end":{"line":8,"column":73}},"4":{"start":{"line":11,"column":45},"end":{"line":11,"column":62}}},"fnMap":{"0":{"name":"(anonymous_0)","decl":{"start":{"line":6,"column":40},"end":{"line":6,"column":41}},"loc":{"start":{"line":6,"column":56},"end":{"line":6,"column":90}},"line":6},"1":{"name":"(anonymous_1)","decl":{"start":{"line":7,"column":43},"end":{"line":7,"column":44}},"loc":{"start":{"line":7,"column":59},"end":{"line":7,"column":78}},"line":7},"2":{"name":"(anonymous_2)","decl":{"start":{"line":8,"column":42},"end":{"line":8,"column":43}},"loc":{"start":{"line":8,"column":58},"end":{"line":8,"column":74}},"line":8}},"branchMap":{},"s":{"0":1,"1":0,"2":0,"3":0,"4":1},"f":{"0":0,"1":0,"2":0},"b":{},"_coverageSchema":"1a1c01bbd47fc00a2c39e90264f33305004495a9","hash":"407e5b2ddb530388f9289c6b42dd3c8d851fc51f"}
,"C:\\Users\\Suraj mallick Thor\\Desktop\\GOD\\Namaste React\\src\\utils\\config.js": {"path":"C:\\Users\\Suraj mallick Thor\\Desktop\\GOD\\Namaste React\\src\\utils\\config.js","statementMap":{"0":{"start":{"line":1,"column":21},"end":{"line":1,"column":112}},"1":{"start":{"line":2,"column":22},"end":{"line":2,"column":94}},"2":{"start":{"line":3,"column":28},"end":{"line":3,"column":151}}},"fnMap":{},"branchMap":{},"s":{"0":1,"1":1,"2":1},"f":{},"b":{},"_coverageSchema":"1a1c01bbd47fc00a2c39e90264f33305004495a9","hash":"cb35f88c40414fb61b338043da7d57a749194031"}
,"C:\\Users\\Suraj mallick Thor\\Desktop\\GOD\\Namaste React\\src\\utils\\store.js": {"path":"C:\\Users\\Suraj mallick Thor\\Desktop\\GOD\\Namaste React\\src\\utils\\store.js","statementMap":{"0":{"start":{"line":4,"column":12},"end":{"line":7,"column":2}}},"fnMap":{},"branchMap":{},"s":{"0":1},"f":{},"b":{},"_coverageSchema":"1a1c01bbd47fc00a2c39e90264f33305004495a9","hash":"29800e54c2856ee212cbd2a8ff56c537ea5146da"}
,"C:\\Users\\Suraj mallick Thor\\Desktop\\GOD\\Namaste React\\src\\utils\\useOnline.js": {"path":"C:\\Users\\Suraj mallick Thor\\Desktop\\GOD\\Namaste React\\src\\utils\\useOnline.js","statementMap":{"0":{"start":{"line":4,"column":16},"end":{"line":19,"column":1}},"1":{"start":{"line":5,"column":28},"end":{"line":5,"column":43}},"2":{"start":{"line":7,"column":24},"end":{"line":7,"column":46}},"3":{"start":{"line":7,"column":29},"end":{"line":7,"column":45}},"4":{"start":{"line":9,"column":25},"end":{"line":9,"column":46}},"5":{"start":{"line":9,"column":30},"end":{"line":9,"column":45}},"6":{"start":{"line":11,"column":4},"end":{"line":16,"column":23}},"7":{"start":{"line":11,"column":19},"end":{"line":11,"column":67}},"8":{"start":{"line":13,"column":19},"end":{"line":13,"column":69}},"9":{"start":{"line":17,"column":4},"end":{"line":17,"column":17}}},"fnMap":{"0":{"name":"(anonymous_0)","decl":{"start":{"line":4,"column":16},"end":{"line":4,"column":17}},"loc":{"start":{"line":4,"column":20},"end":{"line":19,"column":1}},"line":4},"1":{"name":"(anonymous_1)","decl":{"start":{"line":7,"column":24},"end":{"line":7,"column":25}},"loc":{"start":{"line":7,"column":28},"end":{"line":7,"column":46}},"line":7},"2":{"name":"(anonymous_2)","decl":{"start":{"line":9,"column":25},"end":{"line":9,"column":26}},"loc":{"start":{"line":9,"column":29},"end":{"line":9,"column":46}},"line":9},"3":{"name":"(anonymous_3)","decl":{"start":{"line":11,"column":14},"end":{"line":11,"column":15}},"loc":{"start":{"line":11,"column":18},"end":{"line":15,"column":20}},"line":11}},"branchMap":{},"s":{"0":1,"1":1,"2":1,"3":0,"4":1,"5":0,"6":1,"7":1,"8":1,"9":1},"f":{"0":1,"1":0,"2":0,"3":1},"b":{},"_coverageSchema":"1a1c01bbd47fc00a2c39e90264f33305004495a9","hash":"02d03750eae1361319891f6e60eadd0c11d05593"}
}
