{"C:\\Users\\Suraj mallick Thor\\Desktop\\GOD\\Namaste React\\src\\components\\sum.js": {"path":"C:\\Users\\Suraj mallick Thor\\Desktop\\GOD\\Namaste React\\src\\components\\sum.js","statementMap":{"0":{"start":{"line":1,"column":17},"end":{"line":1,"column":36}},"1":{"start":{"line":1,"column":25},"end":{"line":1,"column":35}}},"fnMap":{"0":{"name":"(anonymous_0)","decl":{"start":{"line":1,"column":17},"end":{"line":1,"column":18}},"loc":{"start":{"line":1,"column":24},"end":{"line":1,"column":36}},"line":1}},"branchMap":{},"s":{"0":1,"1":1},"f":{"0":1},"b":{},"_coverageSchema":"1a1c01bbd47fc00a2c39e90264f33305004495a9","hash":"6c4a6d5815a22d1ee08df580301cb8154be90136"}
}
