TN:
SF:src\components\Body.js
FN:16,(anonymous_0)
FN:94,(anonymous_1)
FN:98,getRestaurants
FN:145,(anonymous_3)
FN:151,(anonymous_4)
FN:153,(anonymous_5)
FN:168,(anonymous_6)
FN:168,(anonymous_7)
FN:184,(anonymous_8)
FNF:9
FNH:7
FNDA:5,(anonymous_0)
FNDA:1,(anonymous_1)
FNDA:1,getRestaurants
FNDA:1,(anonymous_3)
FNDA:1,(anonymous_4)
FNDA:15,(anonymous_5)
FNDA:0,(anonymous_6)
FNDA:0,(anonymous_7)
FNDA:33,(anonymous_8)
DA:16,1
DA:18,5
DA:88,5
DA:89,4
DA:90,4
DA:94,4
DA:99,1
DA:100,1
DA:103,1
DA:104,1
DA:108,4
DA:109,4
DA:110,0
DA:118,4
DA:120,4
DA:129,4
DA:146,1
DA:153,15
DA:154,1
DA:168,0
DA:184,33
LF:21
LH:19
BRDA:109,0,0,0
BRDA:109,0,1,4
BRDA:129,1,0,1
BRDA:129,1,1,3
BRF:4
BRH:3
end_of_record
TN:
SF:src\components\Header.js
FN:12,(anonymous_0)
FN:21,(anonymous_1)
FN:29,(anonymous_2)
FN:34,(anonymous_3)
FN:102,(anonymous_4)
FN:102,(anonymous_5)
FNF:6
FNH:4
FNDA:3,(anonymous_0)
FNDA:3,(anonymous_1)
FNDA:4,(anonymous_2)
FNDA:3,(anonymous_3)
FNDA:0,(anonymous_4)
FNDA:0,(anonymous_5)
DA:12,1
DA:13,3
DA:21,1
DA:22,3
DA:23,3
DA:25,3
DA:29,1
DA:30,4
DA:34,3
DA:35,3
DA:37,3
DA:102,0
LF:12
LH:11
BRDA:23,0,0,0
BRDA:23,0,1,3
BRDA:102,1,0,3
BRDA:102,1,1,0
BRF:4
BRH:2
end_of_record
TN:
SF:src\components\RestaurantCards.js
FN:3,(anonymous_0)
FNF:1
FNH:1
FNDA:33,(anonymous_0)
DA:3,1
DA:4,33
DA:8,33
DA:10,33
LF:4
LH:4
BRF:0
BRH:0
end_of_record
TN:
SF:src\components\ShimmerUI.js
FN:1,(anonymous_0)
FN:3,(anonymous_1)
FNF:2
FNH:2
FNDA:1,(anonymous_0)
FNDA:15,(anonymous_1)
DA:1,1
DA:2,1
DA:3,15
LF:3
LH:3
BRF:0
BRH:0
end_of_record
TN:
SF:src\components\mocks\dummydata.js
FNF:0
FNH:0
DA:1,1
LF:1
LH:1
BRF:0
BRH:0
end_of_record
TN:
SF:src\utils\store.js
FNF:0
FNH:0
DA:4,2
LF:1
LH:1
BRF:0
BRH:0
end_of_record
